Run ID    : efficientnet5ch_euvp_bs16_20260624_053039
Ckpt dir  : ./checkpoints/efficientnet5ch_euvp_bs16_20260624_053039
Log file  : D:\underwater-image-enhancement\logs\efficientnet5ch_euvp_bs16_20260624_053039.log
Command   : train.py --dataset euvp --data_train_euvp ./datasets/EUVP --model efficientnet_5ch --batchSize 16 --threads 0 --nEpochs 50 --run_name efficientnet5ch_euvp_bs16
Timestamp : 2026-06-24 05:30:39
-----------------------------------------------------------------

=================================================================
  Training: efficientnet_5ch   epochs=50   batch=16
=================================================================
 Epoch    TrainL      ValL     PSNR     SSIM         LR    Time
-----------------------------------------------------------------
   [Batch 50/643] Loss: 1.9355
   [Batch 100/643] Loss: 1.5703
   [Batch 150/643] Loss: 1.4890
   [Batch 200/643] Loss: 1.3375
   [Batch 250/643] Loss: 1.3128
   [Batch 300/643] Loss: 1.4368
   [Batch 350/643] Loss: 1.2867
   [Batch 400/643] Loss: 1.3168
   [Batch 450/643] Loss: 1.3427
   [Batch 500/643] Loss: 1.3281
   [Batch 550/643] Loss: 1.2789
   [Batch 600/643] Loss: 1.2163
     1    1.4109    1.2184   20.827   0.7725   1.00e-04  273.8s  ← BEST ✓
   [Batch 50/643] Loss: 1.1774
   [Batch 100/643] Loss: 1.2273
   [Batch 150/643] Loss: 1.2652
   [Batch 200/643] Loss: 1.2879
   [Batch 250/643] Loss: 1.2143
   [Batch 300/643] Loss: 1.3798
   [Batch 350/643] Loss: 1.2100
   [Batch 400/643] Loss: 1.0861
   [Batch 450/643] Loss: 1.2229
   [Batch 500/643] Loss: 1.1232
   [Batch 550/643] Loss: 1.0823
   [Batch 600/643] Loss: 1.1299
     2    1.1949    1.1365   21.825   0.8091   1.00e-04  174.3s  ← BEST ✓
   [Batch 50/643] Loss: 1.1848
   [Batch 100/643] Loss: 1.0736
   [Batch 150/643] Loss: 1.1836
   [Batch 200/643] Loss: 1.0494
   [Batch 250/643] Loss: 1.1654
   [Batch 300/643] Loss: 1.1185
   [Batch 350/643] Loss: 1.1702
   [Batch 400/643] Loss: 1.1562
   [Batch 450/643] Loss: 1.1246
   [Batch 500/643] Loss: 1.1622
   [Batch 550/643] Loss: 1.1306
   [Batch 600/643] Loss: 1.0170
   [Batch 50/643] Loss: 1.1044
   [Batch 100/643] Loss: 1.0895
   [Batch 150/643] Loss: 1.1163
   [Batch 200/643] Loss: 1.1839
   [Batch 250/643] Loss: 1.0925
   [Batch 300/643] Loss: 1.0488
   [Batch 350/643] Loss: 0.9508
   [Batch 400/643] Loss: 1.1406
   [Batch 450/643] Loss: 1.0207
   [Batch 500/643] Loss: 1.1638
   [Batch 550/643] Loss: 1.2169
   [Batch 600/643] Loss: 1.1282
     4    1.1063    1.0676   22.581   0.8397   1.00e-04  174.3s  ← BEST ✓
   [Batch 50/643] Loss: 1.0498
   [Batch 100/643] Loss: 1.2089
   [Batch 150/643] Loss: 1.1277
   [Batch 200/643] Loss: 1.0817
   [Batch 250/643] Loss: 1.1123
   [Batch 300/643] Loss: 1.0443
   [Batch 350/643] Loss: 1.0115
   [Batch 400/643] Loss: 1.0700
   [Batch 450/643] Loss: 1.1090
   [Batch 500/643] Loss: 1.0064
   [Batch 550/643] Loss: 1.0861
   [Batch 600/643] Loss: 1.1042
   [Batch 50/643] Loss: 1.1943
   [Batch 100/643] Loss: 1.0134
   [Batch 150/643] Loss: 1.0526
   [Batch 200/643] Loss: 1.1348
   [Batch 250/643] Loss: 1.0446
   [Batch 300/643] Loss: 1.0968
   [Batch 350/643] Loss: 1.0235
   [Batch 400/643] Loss: 1.0453
   [Batch 450/643] Loss: 1.0498
   [Batch 500/643] Loss: 0.9690
   [Batch 550/643] Loss: 1.1134
   [Batch 600/643] Loss: 1.0718
     6    1.0550    1.0317   22.748   0.8482   1.00e-04  173.6s  ← BEST ✓
   [Batch 50/643] Loss: 1.1381
   [Batch 100/643] Loss: 1.1358
   [Batch 150/643] Loss: 0.9773
   [Batch 200/643] Loss: 0.9184
   [Batch 250/643] Loss: 0.9361
   [Batch 300/643] Loss: 1.0169
   [Batch 350/643] Loss: 1.0217
   [Batch 400/643] Loss: 1.0573
   [Batch 450/643] Loss: 0.9888
   [Batch 500/643] Loss: 1.1042
   [Batch 550/643] Loss: 1.0069
   [Batch 600/643] Loss: 1.1675
   [Batch 50/643] Loss: 1.1485
   [Batch 100/643] Loss: 1.2033
   [Batch 150/643] Loss: 1.0497
   [Batch 200/643] Loss: 1.0843
   [Batch 250/643] Loss: 1.1998
   [Batch 300/643] Loss: 0.9607
   [Batch 350/643] Loss: 1.0631
   [Batch 400/643] Loss: 1.0757
   [Batch 450/643] Loss: 1.0849
   [Batch 500/643] Loss: 0.9801
   [Batch 550/643] Loss: 1.0757
   [Batch 600/643] Loss: 1.0019
     8    1.0324    1.0132   22.976   0.8586   1.00e-04  174.0s  ← BEST ✓
   [Batch 50/643] Loss: 0.8572
   [Batch 100/643] Loss: 0.9947
   [Batch 150/643] Loss: 1.0233
   [Batch 200/643] Loss: 0.9625
   [Batch 250/643] Loss: 0.9924
   [Batch 300/643] Loss: 0.9061
   [Batch 350/643] Loss: 0.9941
   [Batch 400/643] Loss: 1.0346
   [Batch 450/643] Loss: 0.9451
   [Batch 500/643] Loss: 1.0582
   [Batch 550/643] Loss: 1.0083
   [Batch 600/643] Loss: 1.0119
   [Batch 50/643] Loss: 1.1138
   [Batch 100/643] Loss: 0.8948
   [Batch 150/643] Loss: 1.0644
   [Batch 200/643] Loss: 1.1260
   [Batch 250/643] Loss: 0.9013
   [Batch 300/643] Loss: 1.0077
   [Batch 350/643] Loss: 1.1006
   [Batch 400/643] Loss: 0.9984
   [Batch 450/643] Loss: 0.9644
   [Batch 500/643] Loss: 1.0989
   [Batch 550/643] Loss: 1.0618
   [Batch 600/643] Loss: 1.0457
    10    1.0132    0.9945   23.289   0.8611   1.00e-04  173.0s  ← BEST ✓
   [Batch 50/643] Loss: 0.9996
   [Batch 100/643] Loss: 0.9989
   [Batch 150/643] Loss: 1.0525
   [Batch 200/643] Loss: 0.9441
   [Batch 250/643] Loss: 1.0790
   [Batch 300/643] Loss: 0.9711
   [Batch 350/643] Loss: 1.0358
   [Batch 400/643] Loss: 0.9510
   [Batch 450/643] Loss: 1.0442
   [Batch 500/643] Loss: 1.0526
   [Batch 550/643] Loss: 0.9642
   [Batch 600/643] Loss: 0.9499
   [Batch 50/643] Loss: 0.9923
   [Batch 100/643] Loss: 1.0099
   [Batch 150/643] Loss: 0.9682
   [Batch 200/643] Loss: 1.0626
   [Batch 250/643] Loss: 1.0595
   [Batch 300/643] Loss: 1.0383
   [Batch 350/643] Loss: 1.0111
   [Batch 400/643] Loss: 1.0352
   [Batch 450/643] Loss: 0.9698
   [Batch 500/643] Loss: 1.0650
   [Batch 550/643] Loss: 1.0260
   [Batch 600/643] Loss: 0.8864
    12    1.0019    0.9869   23.332   0.8634   1.00e-04  188.1s  ← BEST ✓
   [Batch 50/643] Loss: 1.0024
   [Batch 100/643] Loss: 1.0995
   [Batch 150/643] Loss: 0.9134
   [Batch 200/643] Loss: 0.9978
   [Batch 250/643] Loss: 1.0024
   [Batch 300/643] Loss: 0.9372
   [Batch 350/643] Loss: 1.0588
   [Batch 400/643] Loss: 0.9568
   [Batch 450/643] Loss: 1.0649
   [Batch 500/643] Loss: 0.9943
   [Batch 550/643] Loss: 0.9601
   [Batch 600/643] Loss: 1.0482
   [Batch 50/643] Loss: 0.9087
   [Batch 100/643] Loss: 1.0022
   [Batch 150/643] Loss: 0.8598
   [Batch 200/643] Loss: 0.9637
   [Batch 250/643] Loss: 0.9546
   [Batch 300/643] Loss: 1.0216
   [Batch 350/643] Loss: 0.9574
   [Batch 400/643] Loss: 0.8257
   [Batch 450/643] Loss: 1.0707
   [Batch 500/643] Loss: 1.0601
   [Batch 550/643] Loss: 0.9721
   [Batch 600/643] Loss: 0.9883
    14    0.9921    0.9852   23.141   0.8624   1.00e-04  174.2s
   [Batch 50/643] Loss: 0.9064
   [Batch 100/643] Loss: 1.0307
   [Batch 150/643] Loss: 0.9898
   [Batch 200/643] Loss: 0.9381
   [Batch 250/643] Loss: 0.9815
   [Batch 300/643] Loss: 0.8814
   [Batch 350/643] Loss: 0.9521
   [Batch 400/643] Loss: 0.9720
   [Batch 450/643] Loss: 1.0658
   [Batch 500/643] Loss: 1.0351
   [Batch 550/643] Loss: 0.9334
   [Batch 600/643] Loss: 0.9824
   [Batch 50/643] Loss: 0.9740
   [Batch 100/643] Loss: 1.0374
   [Batch 150/643] Loss: 1.0022
   [Batch 200/643] Loss: 0.9442
   [Batch 250/643] Loss: 1.0470
   [Batch 300/643] Loss: 0.9072
   [Batch 350/643] Loss: 0.9287
   [Batch 400/643] Loss: 0.9816
   [Batch 450/643] Loss: 1.1123
   [Batch 500/643] Loss: 0.9895
   [Batch 550/643] Loss: 1.0704
   [Batch 600/643] Loss: 0.9603
    16    0.9827    0.9750   23.443   0.8661   1.00e-04  174.2s  ← BEST ✓
   [Batch 50/643] Loss: 1.0218
   [Batch 100/643] Loss: 0.8677
   [Batch 150/643] Loss: 0.9361
   [Batch 200/643] Loss: 1.0286
   [Batch 250/643] Loss: 1.0336
   [Batch 300/643] Loss: 0.8693
   [Batch 350/643] Loss: 1.0594
   [Batch 400/643] Loss: 0.9389
   [Batch 450/643] Loss: 0.9028
   [Batch 500/643] Loss: 0.9966
   [Batch 550/643] Loss: 1.0343
   [Batch 600/643] Loss: 1.0119
   [Batch 50/643] Loss: 0.9881
   [Batch 100/643] Loss: 0.9202
   [Batch 150/643] Loss: 0.8610
   [Batch 200/643] Loss: 0.9927
   [Batch 250/643] Loss: 0.9897
   [Batch 300/643] Loss: 0.9994
   [Batch 350/643] Loss: 0.9510
   [Batch 400/643] Loss: 1.0128
   [Batch 450/643] Loss: 1.0569
   [Batch 500/643] Loss: 1.0731
   [Batch 550/643] Loss: 0.9266
   [Batch 600/643] Loss: 0.9413
    18    0.9764    0.9671   23.504   0.8697   1.00e-04  173.4s  ← BEST ✓
   [Batch 50/643] Loss: 0.9602
   [Batch 100/643] Loss: 1.0231
   [Batch 150/643] Loss: 1.0372
   [Batch 200/643] Loss: 0.9380
   [Batch 250/643] Loss: 1.0375
   [Batch 300/643] Loss: 0.8314
   [Batch 350/643] Loss: 0.9581
   [Batch 400/643] Loss: 1.0238
   [Batch 450/643] Loss: 1.0554
   [Batch 500/643] Loss: 1.0595
   [Batch 550/643] Loss: 1.0279
   [Batch 600/643] Loss: 0.9678
   [Batch 50/643] Loss: 1.0530
   [Batch 100/643] Loss: 1.0035
   [Batch 150/643] Loss: 0.9877
   [Batch 200/643] Loss: 0.9766
   [Batch 250/643] Loss: 0.9450
   [Batch 300/643] Loss: 0.8281
   [Batch 350/643] Loss: 1.0317
   [Batch 400/643] Loss: 0.9341
   [Batch 450/643] Loss: 1.0161
   [Batch 500/643] Loss: 0.9906
   [Batch 550/643] Loss: 1.0087
   [Batch 600/643] Loss: 1.0071
    20    0.9690    0.9678   23.684   0.8695   1.00e-04  174.1s  ← BEST ✓
   [Batch 50/643] Loss: 0.9581
   [Batch 100/643] Loss: 0.9892
   [Batch 150/643] Loss: 0.9381
   [Batch 200/643] Loss: 0.9564
   [Batch 250/643] Loss: 1.0627
   [Batch 300/643] Loss: 0.9926
   [Batch 350/643] Loss: 0.9676
   [Batch 400/643] Loss: 0.9715
   [Batch 450/643] Loss: 0.9582
   [Batch 500/643] Loss: 1.0760
   [Batch 550/643] Loss: 1.0142
   [Batch 600/643] Loss: 0.9507
   [Batch 50/643] Loss: 0.8086
   [Batch 100/643] Loss: 0.9515
   [Batch 150/643] Loss: 1.0868
   [Batch 200/643] Loss: 0.8739
   [Batch 250/643] Loss: 0.8058
   [Batch 300/643] Loss: 0.9461
   [Batch 350/643] Loss: 0.9972
   [Batch 400/643] Loss: 0.9175
   [Batch 450/643] Loss: 0.8620
   [Batch 500/643] Loss: 0.9675
   [Batch 550/643] Loss: 0.9738
   [Batch 600/643] Loss: 0.9571
    22    0.9634    0.9680   23.374   0.8650   1.00e-04  172.2s
   [Batch 50/643] Loss: 0.9803
   [Batch 100/643] Loss: 0.9883
   [Batch 150/643] Loss: 0.9649
   [Batch 200/643] Loss: 0.9516
   [Batch 250/643] Loss: 0.9110
   [Batch 300/643] Loss: 0.9477
   [Batch 350/643] Loss: 0.9768
   [Batch 400/643] Loss: 0.9032
   [Batch 450/643] Loss: 0.9458
   [Batch 500/643] Loss: 1.1095
   [Batch 550/643] Loss: 0.9621
   [Batch 600/643] Loss: 1.0348
   [Batch 50/643] Loss: 0.9737
   [Batch 100/643] Loss: 0.9275
   [Batch 150/643] Loss: 0.9238
   [Batch 200/643] Loss: 0.9439
   [Batch 250/643] Loss: 0.9796
   [Batch 300/643] Loss: 0.8696
   [Batch 350/643] Loss: 0.9781
   [Batch 400/643] Loss: 0.9692
   [Batch 450/643] Loss: 0.9109
   [Batch 500/643] Loss: 0.8677
   [Batch 550/643] Loss: 0.9220
   [Batch 600/643] Loss: 0.9445
    24    0.9577    0.9622   23.607   0.8696   1.00e-04  173.2s
   [Batch 50/643] Loss: 0.9626
   [Batch 100/643] Loss: 0.9378
   [Batch 150/643] Loss: 0.8782
   [Batch 200/643] Loss: 0.9240
   [Batch 250/643] Loss: 0.9000
   [Batch 300/643] Loss: 0.9409
   [Batch 350/643] Loss: 0.8704
   [Batch 400/643] Loss: 0.9923
   [Batch 450/643] Loss: 0.9417
   [Batch 500/643] Loss: 1.0483
   [Batch 550/643] Loss: 0.9655
   [Batch 600/643] Loss: 0.8154
   [Batch 50/643] Loss: 0.9477
   [Batch 100/643] Loss: 0.9310
   [Batch 150/643] Loss: 0.8626
   [Batch 200/643] Loss: 0.8766
   [Batch 250/643] Loss: 0.8879
   [Batch 300/643] Loss: 0.9845
   [Batch 350/643] Loss: 0.9458
   [Batch 400/643] Loss: 0.9686
   [Batch 450/643] Loss: 0.8801
   [Batch 500/643] Loss: 0.9249
   [Batch 550/643] Loss: 0.8816
   [Batch 600/643] Loss: 0.9094
    26    0.9532    0.9591   23.633   0.8707   1.00e-04  172.2s
   [Batch 50/643] Loss: 0.9568
   [Batch 100/643] Loss: 1.0309
   [Batch 150/643] Loss: 0.8163
   [Batch 200/643] Loss: 0.8924
   [Batch 250/643] Loss: 0.9261
   [Batch 300/643] Loss: 0.9193
   [Batch 350/643] Loss: 0.9014
   [Batch 400/643] Loss: 0.9197
   [Batch 450/643] Loss: 0.9450
   [Batch 500/643] Loss: 0.9157
   [Batch 550/643] Loss: 1.0029
   [Batch 600/643] Loss: 0.9596
   [Batch 50/643] Loss: 0.9543
   [Batch 100/643] Loss: 0.9558
   [Batch 150/643] Loss: 0.9712
   [Batch 200/643] Loss: 0.9519
   [Batch 250/643] Loss: 0.9799
   [Batch 300/643] Loss: 1.0016
   [Batch 350/643] Loss: 0.9352
   [Batch 400/643] Loss: 0.9986
   [Batch 450/643] Loss: 0.9644
   [Batch 500/643] Loss: 0.9865
   [Batch 550/643] Loss: 1.0259
   [Batch 600/643] Loss: 0.9318
    28    0.9484    0.9562   23.675   0.8704   1.00e-04  172.2s
   [Batch 50/643] Loss: 0.8361
   [Batch 100/643] Loss: 0.8955
   [Batch 150/643] Loss: 1.0799
   [Batch 200/643] Loss: 0.8614
   [Batch 250/643] Loss: 1.0179
   [Batch 300/643] Loss: 0.8764
   [Batch 350/643] Loss: 1.0133
   [Batch 400/643] Loss: 0.9867
   [Batch 450/643] Loss: 0.9915
   [Batch 500/643] Loss: 0.9788
   [Batch 550/643] Loss: 0.9042
   [Batch 600/643] Loss: 0.8730
   [Batch 50/643] Loss: 0.8990
   [Batch 100/643] Loss: 0.8653
   [Batch 150/643] Loss: 0.8773
   [Batch 200/643] Loss: 0.8337
   [Batch 250/643] Loss: 0.9905
   [Batch 300/643] Loss: 0.9069
   [Batch 350/643] Loss: 0.9017
   [Batch 400/643] Loss: 0.8852
   [Batch 450/643] Loss: 1.0249
   [Batch 500/643] Loss: 0.9273
   [Batch 550/643] Loss: 0.8675
   [Batch 600/643] Loss: 0.9885
    30    0.9444    0.9553   23.726   0.8735   5.00e-05  172.7s  ← BEST ✓
   [Batch 50/643] Loss: 0.8557
   [Batch 100/643] Loss: 0.9711
   [Batch 150/643] Loss: 0.8548
   [Batch 200/643] Loss: 1.0150
   [Batch 250/643] Loss: 0.9196
   [Batch 300/643] Loss: 0.8635
   [Batch 350/643] Loss: 0.8576
   [Batch 400/643] Loss: 0.9160
   [Batch 450/643] Loss: 0.9193
   [Batch 500/643] Loss: 0.9355
   [Batch 550/643] Loss: 0.9474
   [Batch 600/643] Loss: 0.8532
   [Batch 50/643] Loss: 0.9102
   [Batch 100/643] Loss: 0.8777
   [Batch 150/643] Loss: 0.9564
   [Batch 200/643] Loss: 1.0748
   [Batch 250/643] Loss: 0.9961
   [Batch 300/643] Loss: 0.9236
   [Batch 350/643] Loss: 0.8591
   [Batch 400/643] Loss: 0.8747
   [Batch 450/643] Loss: 0.9285
   [Batch 500/643] Loss: 0.8936
   [Batch 550/643] Loss: 0.9880
   [Batch 600/643] Loss: 0.8882
    32    0.9336    0.9517   23.654   0.8717   5.00e-05  172.1s
   [Batch 50/643] Loss: 0.9419
   [Batch 100/643] Loss: 0.9406
   [Batch 150/643] Loss: 0.8312
   [Batch 200/643] Loss: 0.9648
   [Batch 250/643] Loss: 1.0628
   [Batch 300/643] Loss: 0.8605
   [Batch 350/643] Loss: 0.9198
   [Batch 400/643] Loss: 0.9271
   [Batch 450/643] Loss: 0.9322
   [Batch 500/643] Loss: 0.9212
   [Batch 550/643] Loss: 0.9389
   [Batch 600/643] Loss: 0.8878
   [Batch 50/643] Loss: 0.8558
   [Batch 100/643] Loss: 0.8646
   [Batch 150/643] Loss: 0.8600
   [Batch 200/643] Loss: 0.9494
   [Batch 250/643] Loss: 0.9263
   [Batch 300/643] Loss: 0.9666
   [Batch 350/643] Loss: 0.9149
   [Batch 400/643] Loss: 0.9192
   [Batch 450/643] Loss: 0.8960
   [Batch 500/643] Loss: 0.8762
   [Batch 550/643] Loss: 0.9275
   [Batch 600/643] Loss: 0.9088
    34    0.9300    0.9483   23.768   0.8744   5.00e-05  172.3s  ← BEST ✓
   [Batch 50/643] Loss: 0.9109
   [Batch 100/643] Loss: 0.8841
   [Batch 150/643] Loss: 0.9340
   [Batch 200/643] Loss: 0.8200
   [Batch 250/643] Loss: 0.8807
   [Batch 300/643] Loss: 0.9471
   [Batch 350/643] Loss: 0.9206
   [Batch 400/643] Loss: 0.9028
   [Batch 450/643] Loss: 0.9533
   [Batch 500/643] Loss: 0.9965
   [Batch 550/643] Loss: 0.8286
   [Batch 600/643] Loss: 0.9443
   [Batch 50/643] Loss: 0.8956
   [Batch 100/643] Loss: 0.9841
   [Batch 150/643] Loss: 0.9688
   [Batch 200/643] Loss: 0.9675
   [Batch 250/643] Loss: 0.9884
   [Batch 300/643] Loss: 0.9528
   [Batch 350/643] Loss: 1.0112
   [Batch 400/643] Loss: 1.0226
   [Batch 450/643] Loss: 0.7603
   [Batch 500/643] Loss: 0.9342
   [Batch 550/643] Loss: 0.8435
   [Batch 600/643] Loss: 1.0359
    36    0.9267    0.9433   23.950   0.8757   5.00e-05  172.9s  ← BEST ✓
   [Batch 50/643] Loss: 0.9667
   [Batch 100/643] Loss: 0.9360
   [Batch 150/643] Loss: 0.8309
   [Batch 200/643] Loss: 1.0851
   [Batch 250/643] Loss: 0.9581
   [Batch 300/643] Loss: 0.9386
   [Batch 350/643] Loss: 0.8577
   [Batch 400/643] Loss: 0.8408
   [Batch 450/643] Loss: 0.9204
   [Batch 500/643] Loss: 1.0075
   [Batch 550/643] Loss: 0.9046
   [Batch 600/643] Loss: 0.8957
   [Batch 50/643] Loss: 0.9755
   [Batch 100/643] Loss: 1.1350
   [Batch 150/643] Loss: 0.8503
   [Batch 200/643] Loss: 0.9147
   [Batch 250/643] Loss: 0.9176
   [Batch 300/643] Loss: 0.8895
   [Batch 350/643] Loss: 0.9753
   [Batch 400/643] Loss: 0.8104
   [Batch 450/643] Loss: 0.8461
   [Batch 500/643] Loss: 0.8421
   [Batch 550/643] Loss: 0.9195
   [Batch 600/643] Loss: 0.9657
    38    0.9224    0.9459   23.882   0.8749   5.00e-05  172.3s
   [Batch 50/643] Loss: 0.9276
   [Batch 100/643] Loss: 0.9443
   [Batch 150/643] Loss: 0.9721
   [Batch 200/643] Loss: 0.8987
   [Batch 250/643] Loss: 0.8509
   [Batch 300/643] Loss: 0.9772
   [Batch 350/643] Loss: 1.0058
   [Batch 400/643] Loss: 0.9222
   [Batch 450/643] Loss: 0.9404
   [Batch 500/643] Loss: 0.9226
   [Batch 550/643] Loss: 0.9201
   [Batch 600/643] Loss: 0.9427
   [Batch 50/643] Loss: 0.9580
   [Batch 100/643] Loss: 1.0822
   [Batch 150/643] Loss: 0.9562
   [Batch 200/643] Loss: 0.9548
   [Batch 250/643] Loss: 1.0374
   [Batch 300/643] Loss: 0.9652
   [Batch 350/643] Loss: 0.9015
   [Batch 400/643] Loss: 0.9198
   [Batch 450/643] Loss: 1.1184
   [Batch 500/643] Loss: 0.8629
   [Batch 550/643] Loss: 0.9714
   [Batch 600/643] Loss: 0.8713
    40    0.9211    0.9465   23.717   0.8729   5.00e-05  172.9s
   [Batch 50/643] Loss: 1.0063
   [Batch 100/643] Loss: 0.9270
   [Batch 150/643] Loss: 0.8913
   [Batch 200/643] Loss: 0.9251
   [Batch 250/643] Loss: 0.9736
   [Batch 300/643] Loss: 1.0277
   [Batch 350/643] Loss: 0.9486
   [Batch 400/643] Loss: 0.9054
   [Batch 450/643] Loss: 0.9252
   [Batch 500/643] Loss: 1.0028
   [Batch 550/643] Loss: 0.8220
   [Batch 600/643] Loss: 0.8193
   [Batch 50/643] Loss: 0.9490
   [Batch 100/643] Loss: 0.8483
   [Batch 150/643] Loss: 1.0347
   [Batch 200/643] Loss: 0.9060
   [Batch 250/643] Loss: 0.8636
   [Batch 300/643] Loss: 0.8858
   [Batch 350/643] Loss: 0.9537
   [Batch 400/643] Loss: 0.9737
   [Batch 450/643] Loss: 0.9722
   [Batch 500/643] Loss: 0.9205
   [Batch 550/643] Loss: 0.9870
   [Batch 600/643] Loss: 0.9073
    42    0.9193    0.9454   23.680   0.8714   5.00e-05  171.9s
   [Batch 50/643] Loss: 1.0139
   [Batch 100/643] Loss: 1.0071
   [Batch 150/643] Loss: 0.9818
   [Batch 200/643] Loss: 0.8935
   [Batch 250/643] Loss: 0.8737
   [Batch 300/643] Loss: 0.8970
   [Batch 350/643] Loss: 0.9017
   [Batch 400/643] Loss: 0.8822
   [Batch 450/643] Loss: 0.9289
   [Batch 500/643] Loss: 0.8707
   [Batch 550/643] Loss: 0.9322
   [Batch 600/643] Loss: 0.9224
   [Batch 50/643] Loss: 0.8989
   [Batch 100/643] Loss: 0.8786
   [Batch 150/643] Loss: 0.8595
   [Batch 200/643] Loss: 0.9755
   [Batch 250/643] Loss: 0.8876
   [Batch 300/643] Loss: 0.9338
   [Batch 350/643] Loss: 0.9318
   [Batch 400/643] Loss: 0.9370
   [Batch 450/643] Loss: 0.8758
   [Batch 500/643] Loss: 0.9161
   [Batch 550/643] Loss: 0.8511
   [Batch 600/643] Loss: 0.9182
    44    0.9168    0.9454   23.699   0.8718   5.00e-05  172.7s
   [Batch 50/643] Loss: 0.9825
   [Batch 100/643] Loss: 1.0272
   [Batch 150/643] Loss: 0.9378
   [Batch 200/643] Loss: 1.0182
   [Batch 250/643] Loss: 0.9422
   [Batch 300/643] Loss: 0.9689
   [Batch 350/643] Loss: 0.9464
   [Batch 400/643] Loss: 1.0029
   [Batch 450/643] Loss: 0.9106
   [Batch 500/643] Loss: 0.9784
   [Batch 550/643] Loss: 1.0082
   [Batch 600/643] Loss: 0.9131
   [Batch 50/643] Loss: 0.8589
   [Batch 100/643] Loss: 0.9700
   [Batch 150/643] Loss: 1.0209
   [Batch 200/643] Loss: 0.9750
   [Batch 250/643] Loss: 0.8574
   [Batch 300/643] Loss: 0.8670
   [Batch 350/643] Loss: 0.9490
   [Batch 400/643] Loss: 0.9441
   [Batch 450/643] Loss: 0.8667
   [Batch 500/643] Loss: 0.7962
   [Batch 550/643] Loss: 0.9152
   [Batch 600/643] Loss: 0.9826
    46    0.9138    0.9500   23.589   0.8722   5.00e-05  171.4s
   [Batch 50/643] Loss: 0.7905
   [Batch 100/643] Loss: 0.8612
   [Batch 150/643] Loss: 0.9293
   [Batch 200/643] Loss: 0.8692
   [Batch 250/643] Loss: 0.9340
   [Batch 300/643] Loss: 0.8893
   [Batch 350/643] Loss: 0.8763
   [Batch 400/643] Loss: 0.8975
   [Batch 450/643] Loss: 0.9445
   [Batch 500/643] Loss: 0.9868
   [Batch 550/643] Loss: 1.0077
   [Batch 600/643] Loss: 0.9985
   [Batch 50/643] Loss: 1.0031
   [Batch 100/643] Loss: 0.8360
   [Batch 150/643] Loss: 0.9409
   [Batch 200/643] Loss: 0.8757
   [Batch 250/643] Loss: 0.8484
   [Batch 300/643] Loss: 0.8641
   [Batch 350/643] Loss: 0.9521
   [Batch 400/643] Loss: 0.8182
   [Batch 450/643] Loss: 0.9140
   [Batch 500/643] Loss: 1.0107
   [Batch 550/643] Loss: 0.8458
   [Batch 600/643] Loss: 0.8498
    48    0.9125    0.9420   23.847   0.8733   5.00e-05  172.3s
   [Batch 50/643] Loss: 0.9726
   [Batch 100/643] Loss: 0.8666
   [Batch 150/643] Loss: 0.9693
   [Batch 200/643] Loss: 0.9018
   [Batch 250/643] Loss: 0.9943
   [Batch 300/643] Loss: 0.8584
   [Batch 350/643] Loss: 0.9926
   [Batch 400/643] Loss: 0.9734
   [Batch 450/643] Loss: 0.8226
   [Batch 500/643] Loss: 0.9027
   [Batch 550/643] Loss: 0.8576
   [Batch 600/643] Loss: 0.9166
   [Batch 50/643] Loss: 0.9024
   [Batch 100/643] Loss: 0.8857
   [Batch 150/643] Loss: 0.7693
   [Batch 200/643] Loss: 0.9015
   [Batch 250/643] Loss: 0.9088
   [Batch 300/643] Loss: 0.8963
   [Batch 350/643] Loss: 0.9628
   [Batch 400/643] Loss: 0.8189
   [Batch 450/643] Loss: 0.8924
   [Batch 500/643] Loss: 0.8791
   [Batch 550/643] Loss: 0.9334
   [Batch 600/643] Loss: 0.9027
    50    0.9104    0.9435   23.808   0.8749   5.00e-05  172.5s

=================================================================
  Done.  Best PSNR: 23.9498 dB at epoch 36
  Total training time: 145.0 min
=================================================================
History saved → ./checkpoints/efficientnet5ch_euvp_bs16_20260624_053039\training_history.json
