Run ID    : efficientnetb1_5ch_euvp_bs16_20260624_132042
Ckpt dir  : ./checkpoints/efficientnetb1_5ch_euvp_bs16_20260624_132042
Log file  : D:\underwater-image-enhancement\logs\efficientnetb1_5ch_euvp_bs16_20260624_132042.log
Command   : train.py --dataset euvp --data_train_euvp ./datasets/EUVP --model efficientnetb1_5ch --batchSize 16 --threads 0 --nEpochs 50 --run_name efficientnetb1_5ch_euvp_bs16
Timestamp : 2026-06-24 13:20:42
-----------------------------------------------------------------

=================================================================
  Training: efficientnetb1_5ch   epochs=50   batch=16
=================================================================
 Epoch    TrainL      ValL     PSNR     SSIM         LR    Time
-----------------------------------------------------------------
   [Batch 50/643] Loss: 1.8412
   [Batch 100/643] Loss: 1.6161
   [Batch 150/643] Loss: 1.6230
   [Batch 200/643] Loss: 1.4573
   [Batch 250/643] Loss: 1.4741
   [Batch 300/643] Loss: 1.3595
   [Batch 350/643] Loss: 1.3856
   [Batch 400/643] Loss: 1.2745
   [Batch 450/643] Loss: 1.3326
   [Batch 500/643] Loss: 1.2123
   [Batch 550/643] Loss: 1.3928
   [Batch 600/643] Loss: 1.2470
     1    1.4944    1.2828   18.332   0.7213   1.00e-04  275.4s  ← BEST ✓
   [Batch 50/643] Loss: 1.1995
   [Batch 100/643] Loss: 1.2626
   [Batch 150/643] Loss: 1.1082
   [Batch 200/643] Loss: 1.3077
   [Batch 250/643] Loss: 1.3027
   [Batch 300/643] Loss: 1.3452
   [Batch 350/643] Loss: 1.2663
   [Batch 400/643] Loss: 1.1757
   [Batch 450/643] Loss: 0.9506
   [Batch 500/643] Loss: 1.1423
   [Batch 550/643] Loss: 1.1784
   [Batch 600/643] Loss: 1.2568
     2    1.2221    1.1466   21.761   0.8030   1.00e-04  178.9s  ← BEST ✓
   [Batch 50/643] Loss: 1.0515
   [Batch 100/643] Loss: 1.0718
   [Batch 150/643] Loss: 1.1404
   [Batch 200/643] Loss: 1.0692
   [Batch 250/643] Loss: 1.1226
   [Batch 300/643] Loss: 1.2253
   [Batch 350/643] Loss: 1.1431
   [Batch 400/643] Loss: 1.0927
   [Batch 450/643] Loss: 1.1024
   [Batch 500/643] Loss: 1.0680
   [Batch 550/643] Loss: 1.1570
   [Batch 600/643] Loss: 1.0224
   [Batch 50/643] Loss: 1.2336
   [Batch 100/643] Loss: 1.2236
   [Batch 150/643] Loss: 1.1847
   [Batch 200/643] Loss: 1.1161
   [Batch 250/643] Loss: 1.0219
   [Batch 300/643] Loss: 1.0122
   [Batch 350/643] Loss: 1.0489
   [Batch 400/643] Loss: 1.1264
   [Batch 450/643] Loss: 1.0720
   [Batch 500/643] Loss: 1.0632
   [Batch 550/643] Loss: 1.1673
   [Batch 600/643] Loss: 1.0697
     4    1.1094    1.0710   22.542   0.8351   1.00e-04  179.3s  ← BEST ✓
   [Batch 50/643] Loss: 0.9992
   [Batch 100/643] Loss: 1.0133
   [Batch 150/643] Loss: 1.0532
   [Batch 200/643] Loss: 1.0445
   [Batch 250/643] Loss: 1.0817
   [Batch 300/643] Loss: 1.1155
   [Batch 350/643] Loss: 1.1917
   [Batch 400/643] Loss: 1.1033
   [Batch 450/643] Loss: 1.0862
   [Batch 500/643] Loss: 1.0554
   [Batch 550/643] Loss: 1.1094
   [Batch 600/643] Loss: 1.0197
   [Batch 50/643] Loss: 1.1338
   [Batch 100/643] Loss: 1.0563
   [Batch 150/643] Loss: 0.9332
   [Batch 200/643] Loss: 1.1131
   [Batch 250/643] Loss: 1.1271
   [Batch 300/643] Loss: 1.0365
   [Batch 350/643] Loss: 1.1146
   [Batch 400/643] Loss: 1.1582
   [Batch 450/643] Loss: 1.0764
   [Batch 500/643] Loss: 1.0411
   [Batch 550/643] Loss: 1.0004
   [Batch 600/643] Loss: 1.1268
     6    1.0595    1.0411   22.758   0.8474   1.00e-04  177.1s  ← BEST ✓
   [Batch 50/643] Loss: 1.0552
   [Batch 100/643] Loss: 0.9993
   [Batch 150/643] Loss: 1.0038
   [Batch 200/643] Loss: 0.9649
   [Batch 250/643] Loss: 1.1382
   [Batch 300/643] Loss: 1.0891
   [Batch 350/643] Loss: 0.9626
   [Batch 400/643] Loss: 1.0388
   [Batch 450/643] Loss: 0.9580
   [Batch 500/643] Loss: 0.9807
   [Batch 550/643] Loss: 1.0767
   [Batch 600/643] Loss: 1.0221
   [Batch 50/643] Loss: 0.9782
   [Batch 100/643] Loss: 1.0757
   [Batch 150/643] Loss: 1.0196
   [Batch 200/643] Loss: 1.1720
   [Batch 250/643] Loss: 0.9735
   [Batch 300/643] Loss: 0.9947
   [Batch 350/643] Loss: 0.9927
   [Batch 400/643] Loss: 1.1064
   [Batch 450/643] Loss: 1.0014
   [Batch 500/643] Loss: 1.2450
   [Batch 550/643] Loss: 0.9965
   [Batch 600/643] Loss: 1.0477
     8    1.0358    1.0255   22.883   0.8500   1.00e-04  179.6s  ← BEST ✓
   [Batch 50/643] Loss: 1.1573
   [Batch 100/643] Loss: 1.0254
   [Batch 150/643] Loss: 1.0071
   [Batch 200/643] Loss: 0.9713
   [Batch 250/643] Loss: 1.0436
   [Batch 300/643] Loss: 0.9727
   [Batch 350/643] Loss: 0.9218
   [Batch 400/643] Loss: 0.9198
   [Batch 450/643] Loss: 1.0992
   [Batch 500/643] Loss: 1.0929
   [Batch 550/643] Loss: 1.0275
   [Batch 600/643] Loss: 1.0104
   [Batch 50/643] Loss: 1.0397
   [Batch 100/643] Loss: 0.9743
   [Batch 150/643] Loss: 0.9123
   [Batch 200/643] Loss: 1.0790
   [Batch 250/643] Loss: 1.1847
   [Batch 300/643] Loss: 0.9782
   [Batch 350/643] Loss: 0.9830
   [Batch 400/643] Loss: 1.1054
   [Batch 450/643] Loss: 1.0062
   [Batch 500/643] Loss: 1.0525
   [Batch 550/643] Loss: 1.0759
   [Batch 600/643] Loss: 0.9031
    10    1.0183    1.0104   23.056   0.8566   1.00e-04  179.5s  ← BEST ✓
   [Batch 50/643] Loss: 0.9800
   [Batch 100/643] Loss: 0.9541
   [Batch 150/643] Loss: 1.0085
   [Batch 200/643] Loss: 0.9643
   [Batch 250/643] Loss: 0.9893
   [Batch 300/643] Loss: 0.9717
   [Batch 350/643] Loss: 1.0856
   [Batch 400/643] Loss: 1.0200
   [Batch 450/643] Loss: 0.9806
   [Batch 500/643] Loss: 1.0410
   [Batch 550/643] Loss: 0.9962
   [Batch 600/643] Loss: 0.9821
   [Batch 50/643] Loss: 1.0415
   [Batch 100/643] Loss: 1.0139
   [Batch 150/643] Loss: 0.9508
   [Batch 200/643] Loss: 0.9859
   [Batch 250/643] Loss: 0.9728
   [Batch 300/643] Loss: 0.9201
   [Batch 350/643] Loss: 1.0527
   [Batch 400/643] Loss: 0.9440
   [Batch 450/643] Loss: 0.9965
   [Batch 500/643] Loss: 1.0770
   [Batch 550/643] Loss: 0.9393
   [Batch 600/643] Loss: 0.9750
    12    1.0043    1.0125   23.093   0.8526   1.00e-04  180.2s  ← BEST ✓
   [Batch 50/643] Loss: 0.9563
   [Batch 100/643] Loss: 1.0380
   [Batch 150/643] Loss: 1.0054
   [Batch 200/643] Loss: 1.0858
   [Batch 250/643] Loss: 1.0117
   [Batch 300/643] Loss: 1.0491
   [Batch 350/643] Loss: 1.0026
   [Batch 400/643] Loss: 1.0831
   [Batch 450/643] Loss: 0.9789
   [Batch 500/643] Loss: 1.0060
   [Batch 550/643] Loss: 1.0592
   [Batch 600/643] Loss: 0.9109
   [Batch 50/643] Loss: 0.9820
   [Batch 100/643] Loss: 1.0817
   [Batch 150/643] Loss: 1.0310
   [Batch 200/643] Loss: 0.9824
   [Batch 250/643] Loss: 0.9581
   [Batch 300/643] Loss: 0.9918
   [Batch 350/643] Loss: 0.9377
   [Batch 400/643] Loss: 1.0187
   [Batch 450/643] Loss: 0.9672
   [Batch 500/643] Loss: 0.9223
   [Batch 550/643] Loss: 0.9456
   [Batch 600/643] Loss: 0.8469
    14    0.9936    1.0024   23.205   0.8563   1.00e-04  180.0s  ← BEST ✓
   [Batch 50/643] Loss: 0.9779
   [Batch 100/643] Loss: 1.0250
   [Batch 150/643] Loss: 0.9719
   [Batch 200/643] Loss: 1.1022
   [Batch 250/643] Loss: 1.0353
   [Batch 300/643] Loss: 0.9236
   [Batch 350/643] Loss: 0.9397
   [Batch 400/643] Loss: 1.0410
   [Batch 450/643] Loss: 0.8958
   [Batch 500/643] Loss: 0.9982
   [Batch 550/643] Loss: 0.9170
   [Batch 600/643] Loss: 0.9283
   [Batch 50/643] Loss: 0.9901
   [Batch 100/643] Loss: 0.9275
   [Batch 150/643] Loss: 1.0540
   [Batch 200/643] Loss: 0.9784
   [Batch 250/643] Loss: 0.9546
   [Batch 300/643] Loss: 0.9624
   [Batch 350/643] Loss: 0.9612
   [Batch 400/643] Loss: 0.9335
   [Batch 450/643] Loss: 1.0279
   [Batch 500/643] Loss: 1.0241
   [Batch 550/643] Loss: 1.0061
   [Batch 600/643] Loss: 0.9242
    16    0.9844    1.0007   23.052   0.8539   1.00e-04  177.8s
   [Batch 50/643] Loss: 1.0794
   [Batch 100/643] Loss: 0.9760
   [Batch 150/643] Loss: 0.9188
   [Batch 200/643] Loss: 1.0243
   [Batch 250/643] Loss: 1.0802
   [Batch 300/643] Loss: 0.9627
   [Batch 350/643] Loss: 0.9024
   [Batch 400/643] Loss: 1.0665
   [Batch 450/643] Loss: 0.9460
   [Batch 500/643] Loss: 1.0175
   [Batch 550/643] Loss: 0.9587
   [Batch 600/643] Loss: 0.9235
   [Batch 50/643] Loss: 0.9595
   [Batch 100/643] Loss: 0.9417
   [Batch 150/643] Loss: 0.9673
   [Batch 200/643] Loss: 0.9108
   [Batch 250/643] Loss: 0.9753
   [Batch 300/643] Loss: 0.9605
   [Batch 350/643] Loss: 0.8374
   [Batch 400/643] Loss: 1.0021
   [Batch 450/643] Loss: 0.9293
   [Batch 500/643] Loss: 0.9602
   [Batch 550/643] Loss: 0.9980
   [Batch 600/643] Loss: 0.9728
    18    0.9757    1.0121   23.054   0.8548   1.00e-04  180.0s
   [Batch 50/643] Loss: 1.0179
   [Batch 100/643] Loss: 0.9377
   [Batch 150/643] Loss: 0.9933
   [Batch 200/643] Loss: 0.9221
   [Batch 250/643] Loss: 0.9905
   [Batch 300/643] Loss: 0.9322
   [Batch 350/643] Loss: 1.0157
   [Batch 400/643] Loss: 0.9645
   [Batch 450/643] Loss: 1.0765
   [Batch 500/643] Loss: 0.8631
   [Batch 550/643] Loss: 0.9457
   [Batch 600/643] Loss: 1.0245
   [Batch 50/643] Loss: 1.0352
   [Batch 100/643] Loss: 1.0491
   [Batch 150/643] Loss: 0.9082
   [Batch 200/643] Loss: 1.0177
   [Batch 250/643] Loss: 0.9142
   [Batch 300/643] Loss: 0.9492
   [Batch 350/643] Loss: 0.9241
   [Batch 400/643] Loss: 0.9305
   [Batch 450/643] Loss: 0.9478
   [Batch 500/643] Loss: 0.9451
   [Batch 550/643] Loss: 0.9956
   [Batch 600/643] Loss: 1.0868
    20    0.9683    0.9784   23.422   0.8617   1.00e-04  179.8s  ← BEST ✓
   [Batch 50/643] Loss: 0.9743
   [Batch 100/643] Loss: 1.0255
   [Batch 150/643] Loss: 1.1185
   [Batch 200/643] Loss: 0.9817
   [Batch 250/643] Loss: 0.8619
   [Batch 300/643] Loss: 0.9646
   [Batch 350/643] Loss: 0.8363
   [Batch 400/643] Loss: 0.9249
   [Batch 450/643] Loss: 1.0179
   [Batch 500/643] Loss: 0.9375
   [Batch 550/643] Loss: 0.9084
   [Batch 600/643] Loss: 0.9632
   [Batch 50/643] Loss: 1.0218
   [Batch 100/643] Loss: 0.9943
   [Batch 150/643] Loss: 0.9494
   [Batch 200/643] Loss: 0.9945
   [Batch 250/643] Loss: 0.9080
   [Batch 300/643] Loss: 0.9808
   [Batch 350/643] Loss: 0.8799
   [Batch 400/643] Loss: 1.0030
   [Batch 450/643] Loss: 0.9139
   [Batch 500/643] Loss: 1.0059
   [Batch 550/643] Loss: 1.1008
   [Batch 600/643] Loss: 0.9850
    22    0.9627    0.9823   23.223   0.8601   1.00e-04  180.0s
   [Batch 50/643] Loss: 1.0039
   [Batch 100/643] Loss: 0.9422
   [Batch 150/643] Loss: 0.9889
   [Batch 200/643] Loss: 1.0046
   [Batch 250/643] Loss: 0.9773
   [Batch 300/643] Loss: 0.9546
   [Batch 350/643] Loss: 0.9695
   [Batch 400/643] Loss: 0.9333
   [Batch 450/643] Loss: 0.8975
   [Batch 500/643] Loss: 0.8843
   [Batch 550/643] Loss: 0.9716
   [Batch 600/643] Loss: 0.9587
   [Batch 50/643] Loss: 0.9493
   [Batch 100/643] Loss: 0.9658
   [Batch 150/643] Loss: 1.0650
   [Batch 200/643] Loss: 0.9430
   [Batch 250/643] Loss: 0.9170
   [Batch 300/643] Loss: 1.1028
   [Batch 350/643] Loss: 0.9045
   [Batch 400/643] Loss: 0.9635
   [Batch 450/643] Loss: 0.9217
   [Batch 500/643] Loss: 0.9660
   [Batch 550/643] Loss: 0.9533
   [Batch 600/643] Loss: 0.9177
    24    0.9559    0.9825   23.355   0.8610   1.00e-04  180.5s
   [Batch 50/643] Loss: 0.9500
   [Batch 100/643] Loss: 0.9772
   [Batch 150/643] Loss: 0.9759
   [Batch 200/643] Loss: 0.9246
   [Batch 250/643] Loss: 0.9392
   [Batch 300/643] Loss: 1.0227
   [Batch 350/643] Loss: 0.8086
   [Batch 400/643] Loss: 0.8672
   [Batch 450/643] Loss: 0.9736
   [Batch 500/643] Loss: 0.9376
   [Batch 550/643] Loss: 1.0556
   [Batch 600/643] Loss: 1.0186
   [Batch 50/643] Loss: 0.9308
   [Batch 100/643] Loss: 0.8902
   [Batch 150/643] Loss: 1.0947
   [Batch 200/643] Loss: 1.0419
   [Batch 250/643] Loss: 0.9937
   [Batch 300/643] Loss: 0.9510
   [Batch 350/643] Loss: 0.9189
   [Batch 400/643] Loss: 0.9551
   [Batch 450/643] Loss: 0.9554
   [Batch 500/643] Loss: 0.9831
   [Batch 550/643] Loss: 0.8838
   [Batch 600/643] Loss: 1.0053
    26    0.9497    0.9734   23.478   0.8655   1.00e-04  180.4s  ← BEST ✓
   [Batch 50/643] Loss: 0.9185
   [Batch 100/643] Loss: 0.9270
   [Batch 150/643] Loss: 1.0377
   [Batch 200/643] Loss: 0.9309
   [Batch 250/643] Loss: 0.9424
   [Batch 300/643] Loss: 0.9070
   [Batch 350/643] Loss: 0.8726
   [Batch 400/643] Loss: 0.9900
   [Batch 450/643] Loss: 0.8536
   [Batch 500/643] Loss: 0.9541
   [Batch 550/643] Loss: 0.9326
   [Batch 600/643] Loss: 1.0108
   [Batch 50/643] Loss: 1.0399
   [Batch 100/643] Loss: 0.9565
   [Batch 150/643] Loss: 0.9658
   [Batch 200/643] Loss: 0.8706
   [Batch 250/643] Loss: 0.9316
   [Batch 300/643] Loss: 0.9620
   [Batch 350/643] Loss: 0.9582
   [Batch 400/643] Loss: 0.9534
   [Batch 450/643] Loss: 0.9491
   [Batch 500/643] Loss: 0.8872
   [Batch 550/643] Loss: 0.9246
   [Batch 600/643] Loss: 0.9316
    28    0.9454    0.9800   23.314   0.8632   1.00e-04  178.5s
   [Batch 50/643] Loss: 0.8731
   [Batch 100/643] Loss: 0.8866
   [Batch 150/643] Loss: 0.9446
   [Batch 200/643] Loss: 0.9556
   [Batch 250/643] Loss: 0.9161
   [Batch 300/643] Loss: 0.8991
   [Batch 350/643] Loss: 0.9320
   [Batch 400/643] Loss: 0.8967
   [Batch 450/643] Loss: 0.9848
   [Batch 500/643] Loss: 0.8696
   [Batch 550/643] Loss: 0.9111
   [Batch 600/643] Loss: 0.9855
   [Batch 50/643] Loss: 0.9079
   [Batch 100/643] Loss: 0.8800
   [Batch 150/643] Loss: 0.8659
   [Batch 200/643] Loss: 0.8364
   [Batch 250/643] Loss: 0.9464
   [Batch 300/643] Loss: 0.9781
   [Batch 350/643] Loss: 1.0472
   [Batch 400/643] Loss: 0.9301
   [Batch 450/643] Loss: 1.0599
   [Batch 500/643] Loss: 1.0706
   [Batch 550/643] Loss: 0.9343
   [Batch 600/643] Loss: 0.9174
    30    0.9416    0.9817   23.421   0.8628   5.00e-05  178.9s
   [Batch 50/643] Loss: 0.8237
   [Batch 100/643] Loss: 1.0138
   [Batch 150/643] Loss: 0.8732
   [Batch 200/643] Loss: 0.9477
   [Batch 250/643] Loss: 1.0368
   [Batch 300/643] Loss: 0.9582
   [Batch 350/643] Loss: 1.0170
   [Batch 400/643] Loss: 1.0807
   [Batch 450/643] Loss: 0.7280
   [Batch 500/643] Loss: 0.9676
   [Batch 550/643] Loss: 0.9399
   [Batch 600/643] Loss: 0.8810
   [Batch 50/643] Loss: 1.0203
   [Batch 100/643] Loss: 0.9367
   [Batch 150/643] Loss: 0.9436
   [Batch 200/643] Loss: 0.9453
   [Batch 250/643] Loss: 0.9558
   [Batch 300/643] Loss: 0.9052
   [Batch 350/643] Loss: 0.9380
   [Batch 400/643] Loss: 0.8994
   [Batch 450/643] Loss: 0.9658
   [Batch 500/643] Loss: 0.8869
   [Batch 550/643] Loss: 1.0807
   [Batch 600/643] Loss: 0.9631
    32    0.9305    0.9748   23.426   0.8631   5.00e-05  179.2s
   [Batch 50/643] Loss: 0.9670
   [Batch 100/643] Loss: 0.9460
   [Batch 150/643] Loss: 1.0190
   [Batch 200/643] Loss: 0.8685
   [Batch 250/643] Loss: 0.9175
   [Batch 300/643] Loss: 0.8909
   [Batch 350/643] Loss: 0.8564
   [Batch 400/643] Loss: 0.9223
   [Batch 450/643] Loss: 0.9862
   [Batch 500/643] Loss: 0.9877
   [Batch 550/643] Loss: 0.9591
   [Batch 600/643] Loss: 0.8608
   [Batch 50/643] Loss: 1.0070
   [Batch 100/643] Loss: 1.0083
   [Batch 150/643] Loss: 0.9718
   [Batch 200/643] Loss: 0.8968
   [Batch 250/643] Loss: 0.9159
   [Batch 300/643] Loss: 0.9530
   [Batch 350/643] Loss: 0.9374
   [Batch 400/643] Loss: 0.9319
   [Batch 450/643] Loss: 0.9904
   [Batch 500/643] Loss: 1.0009
   [Batch 550/643] Loss: 1.0183
   [Batch 600/643] Loss: 0.8745
    34    0.9265    0.9738   23.584   0.8647   5.00e-05  179.8s  ← BEST ✓
   [Batch 50/643] Loss: 0.9202
   [Batch 100/643] Loss: 0.9407
   [Batch 150/643] Loss: 0.9538
   [Batch 200/643] Loss: 0.8257
   [Batch 250/643] Loss: 0.9951
   [Batch 300/643] Loss: 0.9664
   [Batch 350/643] Loss: 0.9032
   [Batch 400/643] Loss: 0.8823
   [Batch 450/643] Loss: 0.9630
   [Batch 500/643] Loss: 0.8504
   [Batch 550/643] Loss: 0.9282
   [Batch 600/643] Loss: 0.9078
   [Batch 50/643] Loss: 0.8247
   [Batch 100/643] Loss: 1.0260
   [Batch 150/643] Loss: 0.8403
   [Batch 200/643] Loss: 0.9943
   [Batch 250/643] Loss: 0.9215
   [Batch 300/643] Loss: 1.0276
   [Batch 350/643] Loss: 1.0041
   [Batch 400/643] Loss: 0.9570
   [Batch 450/643] Loss: 0.9817
   [Batch 500/643] Loss: 0.9792
   [Batch 550/643] Loss: 0.9695
   [Batch 600/643] Loss: 0.8238
    36    0.9241    0.9724   23.530   0.8652   5.00e-05  180.0s
   [Batch 50/643] Loss: 0.8754
   [Batch 100/643] Loss: 0.9214
   [Batch 150/643] Loss: 0.9051
   [Batch 200/643] Loss: 0.9413
   [Batch 250/643] Loss: 0.9429
   [Batch 300/643] Loss: 0.8463
   [Batch 350/643] Loss: 0.8827
   [Batch 400/643] Loss: 1.0166
   [Batch 450/643] Loss: 0.8613
   [Batch 500/643] Loss: 0.9083
   [Batch 550/643] Loss: 0.9530
   [Batch 600/643] Loss: 1.0358
   [Batch 50/643] Loss: 0.9152
   [Batch 100/643] Loss: 1.0532
   [Batch 150/643] Loss: 0.8495
   [Batch 200/643] Loss: 0.8497
   [Batch 250/643] Loss: 0.9019
   [Batch 300/643] Loss: 0.8758
   [Batch 350/643] Loss: 0.8831
   [Batch 400/643] Loss: 0.9769
   [Batch 450/643] Loss: 0.8670
   [Batch 500/643] Loss: 0.9278
   [Batch 550/643] Loss: 0.8571
   [Batch 600/643] Loss: 0.9744
    38    0.9219    0.9697   23.538   0.8669   5.00e-05  180.9s
   [Batch 50/643] Loss: 0.8174
   [Batch 100/643] Loss: 0.9151
   [Batch 150/643] Loss: 0.9846
   [Batch 200/643] Loss: 0.9592
   [Batch 250/643] Loss: 0.8312
   [Batch 300/643] Loss: 0.9282
   [Batch 350/643] Loss: 0.9606
   [Batch 400/643] Loss: 0.8980
   [Batch 450/643] Loss: 0.9849
   [Batch 500/643] Loss: 1.0529
   [Batch 550/643] Loss: 0.9317
   [Batch 600/643] Loss: 0.8327
   [Batch 50/643] Loss: 0.8271
   [Batch 100/643] Loss: 0.9336
   [Batch 150/643] Loss: 0.8953
   [Batch 200/643] Loss: 0.8498
   [Batch 250/643] Loss: 0.9364
   [Batch 300/643] Loss: 0.8553
   [Batch 350/643] Loss: 0.8598
   [Batch 400/643] Loss: 0.9670
   [Batch 450/643] Loss: 0.8875
   [Batch 500/643] Loss: 0.8581
   [Batch 550/643] Loss: 0.8795
   [Batch 600/643] Loss: 0.9995
    40    0.9175    0.9757   23.549   0.8649   5.00e-05  178.3s
   [Batch 50/643] Loss: 0.8002
   [Batch 100/643] Loss: 0.9563
   [Batch 150/643] Loss: 1.0038
   [Batch 200/643] Loss: 0.9510
   [Batch 250/643] Loss: 0.8605
   [Batch 300/643] Loss: 0.8862
   [Batch 350/643] Loss: 0.8790
   [Batch 400/643] Loss: 0.8667
   [Batch 450/643] Loss: 0.9739
   [Batch 500/643] Loss: 0.8855
   [Batch 550/643] Loss: 0.8659
   [Batch 600/643] Loss: 0.9229
   [Batch 50/643] Loss: 0.9143
   [Batch 100/643] Loss: 0.8729
   [Batch 150/643] Loss: 0.9700
   [Batch 200/643] Loss: 0.9081
   [Batch 250/643] Loss: 0.8913
   [Batch 300/643] Loss: 0.8641
   [Batch 350/643] Loss: 0.9086
   [Batch 400/643] Loss: 0.9131
   [Batch 450/643] Loss: 0.8851
   [Batch 500/643] Loss: 0.9016
   [Batch 550/643] Loss: 0.8561
   [Batch 600/643] Loss: 0.9948
    42    0.9166    0.9710   23.513   0.8649   5.00e-05  178.6s
   [Batch 50/643] Loss: 0.8274
   [Batch 100/643] Loss: 0.9373
   [Batch 150/643] Loss: 0.9089
   [Batch 200/643] Loss: 0.9130
   [Batch 250/643] Loss: 0.8101
   [Batch 300/643] Loss: 0.9324
   [Batch 350/643] Loss: 0.9832
   [Batch 400/643] Loss: 0.9043
   [Batch 450/643] Loss: 0.8569
   [Batch 500/643] Loss: 0.8990
   [Batch 550/643] Loss: 0.8445
   [Batch 600/643] Loss: 0.9322
   [Batch 50/643] Loss: 0.8369
   [Batch 100/643] Loss: 0.9525
   [Batch 150/643] Loss: 0.8903
   [Batch 200/643] Loss: 0.7762
   [Batch 250/643] Loss: 0.9170
   [Batch 300/643] Loss: 0.9402
   [Batch 350/643] Loss: 0.8295
   [Batch 400/643] Loss: 0.8700
   [Batch 450/643] Loss: 0.8279
   [Batch 500/643] Loss: 0.8346
   [Batch 550/643] Loss: 0.8491
   [Batch 600/643] Loss: 0.9065
    44    0.9152    0.9650   23.599   0.8656   5.00e-05  178.7s  ← BEST ✓
   [Batch 50/643] Loss: 0.9258
   [Batch 100/643] Loss: 0.9829
   [Batch 150/643] Loss: 0.9516
   [Batch 200/643] Loss: 1.0266
   [Batch 250/643] Loss: 0.9253
   [Batch 300/643] Loss: 0.9488
   [Batch 350/643] Loss: 0.9847
   [Batch 400/643] Loss: 0.9768
   [Batch 450/643] Loss: 0.8619
   [Batch 500/643] Loss: 0.9549
   [Batch 550/643] Loss: 0.8960
   [Batch 600/643] Loss: 0.8183
   [Batch 50/643] Loss: 0.8609
   [Batch 100/643] Loss: 0.7937
   [Batch 150/643] Loss: 0.8895
   [Batch 200/643] Loss: 0.9173
   [Batch 250/643] Loss: 0.8890
   [Batch 300/643] Loss: 0.8919
   [Batch 350/643] Loss: 0.9834
   [Batch 400/643] Loss: 1.0197
   [Batch 450/643] Loss: 0.8646
   [Batch 500/643] Loss: 0.8862
   [Batch 550/643] Loss: 1.1296
   [Batch 600/643] Loss: 0.9370
    46    0.9130    0.9776   23.611   0.8631   5.00e-05  179.0s  ← BEST ✓
   [Batch 50/643] Loss: 0.8665
   [Batch 100/643] Loss: 0.9798
   [Batch 150/643] Loss: 0.8915
   [Batch 200/643] Loss: 0.8571
   [Batch 250/643] Loss: 0.8151
   [Batch 300/643] Loss: 0.8449
   [Batch 350/643] Loss: 0.9968
   [Batch 400/643] Loss: 0.9388
   [Batch 450/643] Loss: 0.9671
   [Batch 500/643] Loss: 0.9465
   [Batch 550/643] Loss: 0.8884
   [Batch 600/643] Loss: 0.8460
   [Batch 50/643] Loss: 0.8556
   [Batch 100/643] Loss: 0.8922
   [Batch 150/643] Loss: 0.9355
   [Batch 200/643] Loss: 0.8687
   [Batch 250/643] Loss: 0.8519
   [Batch 300/643] Loss: 0.9645
   [Batch 350/643] Loss: 0.9120
   [Batch 400/643] Loss: 0.8501
   [Batch 450/643] Loss: 0.8983
   [Batch 500/643] Loss: 0.8684
   [Batch 550/643] Loss: 0.8754
   [Batch 600/643] Loss: 0.8718
    48    0.9106    0.9792   23.451   0.8633   5.00e-05  180.5s
   [Batch 50/643] Loss: 0.8456
   [Batch 100/643] Loss: 0.8405
   [Batch 150/643] Loss: 0.9200
   [Batch 200/643] Loss: 0.8369
   [Batch 250/643] Loss: 0.9272
   [Batch 300/643] Loss: 0.8258
   [Batch 350/643] Loss: 1.0425
   [Batch 400/643] Loss: 0.9606
   [Batch 450/643] Loss: 1.0356
   [Batch 500/643] Loss: 0.8057
   [Batch 550/643] Loss: 0.9687
   [Batch 600/643] Loss: 0.8668
   [Batch 50/643] Loss: 0.8770
   [Batch 100/643] Loss: 0.8133
   [Batch 150/643] Loss: 0.8728
   [Batch 200/643] Loss: 0.8376
   [Batch 250/643] Loss: 0.9429
   [Batch 300/643] Loss: 0.9031
   [Batch 350/643] Loss: 0.9579
   [Batch 400/643] Loss: 0.9717
   [Batch 450/643] Loss: 0.8643
   [Batch 500/643] Loss: 0.8597
   [Batch 550/643] Loss: 0.9122
   [Batch 600/643] Loss: 0.8555
    50    0.9086    0.9730   23.544   0.8656   5.00e-05  178.4s

=================================================================
  Done.  Best PSNR: 23.6115 dB at epoch 46
  Total training time: 149.8 min
=================================================================
History saved → ./checkpoints/efficientnetb1_5ch_euvp_bs16_20260624_132042\training_history.json
